{"C:\\workspace\\360Automation1\\src\\main\\lms\\pages\\BasePage.js": {"path":"C:\\workspace\\360Automation1\\src\\main\\lms\\pages\\BasePage.js","statementMap":{"0":{"start":{"line":5,"column":15},"end":{"line":5,"column":31}},"1":{"start":{"line":6,"column":18},"end":{"line":6,"column":41}},"2":{"start":{"line":7,"column":22},"end":{"line":7,"column":83}},"3":{"start":{"line":8,"column":12},"end":{"line":8,"column":77}},"4":{"start":{"line":9,"column":16},"end":{"line":9,"column":71}},"5":{"start":{"line":12,"column":13},"end":{"line":12,"column":17}},"6":{"start":{"line":13,"column":10},"end":{"line":13,"column":14}},"7":{"start":{"line":14,"column":12},"end":{"line":14,"column":27}},"8":{"start":{"line":18,"column":8},"end":{"line":22,"column":10}},"9":{"start":{"line":19,"column":12},"end":{"line":19,"column":52}},"10":{"start":{"line":20,"column":12},"end":{"line":20,"column":47}},"11":{"start":{"line":21,"column":12},"end":{"line":21,"column":27}},"12":{"start":{"line":23,"column":8},"end":{"line":23,"column":28}},"13":{"start":{"line":27,"column":7},"end":{"line":27,"column":64}},"14":{"start":{"line":28,"column":15},"end":{"line":28,"column":77}},"15":{"start":{"line":29,"column":7},"end":{"line":29,"column":24}},"16":{"start":{"line":35,"column":0},"end":{"line":35,"column":26}},"17":{"start":{"line":36,"column":0},"end":{"line":36,"column":30}},"18":{"start":{"line":37,"column":0},"end":{"line":37,"column":29}}},"fnMap":{"0":{"name":"(anonymous_0)","decl":{"start":{"line":17,"column":4},"end":{"line":17,"column":5}},"loc":{"start":{"line":17,"column":22},"end":{"line":24,"column":5}},"line":17},"1":{"name":"(anonymous_1)","decl":{"start":{"line":26,"column":3},"end":{"line":26,"column":4}},"loc":{"start":{"line":26,"column":21},"end":{"line":31,"column":4}},"line":26}},"branchMap":{"0":{"loc":{"start":{"line":18,"column":8},"end":{"line":22,"column":10}},"type":"if","locations":[{"start":{"line":18,"column":8},"end":{"line":22,"column":10}},{"start":{"line":18,"column":8},"end":{"line":22,"column":10}}],"line":18}},"s":{"0":1,"1":1,"2":1,"3":1,"4":1,"5":1,"6":1,"7":1,"8":7,"9":1,"10":1,"11":1,"12":7,"13":0,"14":0,"15":0,"16":1,"17":1,"18":1},"f":{"0":7,"1":0},"b":{"0":[1,6]},"_coverageSchema":"1a1c01bbd47fc00a2c39e90264f33305004495a9","hash":"4967dd69d05677d637f8663983677846a6f809b6"}
,"C:\\workspace\\360Automation1\\src\\main\\lms\\pages\\Driverwrapper.js": {"path":"C:\\workspace\\360Automation1\\src\\main\\lms\\pages\\Driverwrapper.js","statementMap":{"0":{"start":{"line":6,"column":36},"end":{"line":6,"column":65}},"1":{"start":{"line":7,"column":0},"end":{"line":7,"column":37}},"2":{"start":{"line":8,"column":0},"end":{"line":8,"column":38}},"3":{"start":{"line":9,"column":0},"end":{"line":9,"column":24}},"4":{"start":{"line":10,"column":0},"end":{"line":10,"column":23}},"5":{"start":{"line":11,"column":0},"end":{"line":11,"column":49}},"6":{"start":{"line":13,"column":20},"end":{"line":113,"column":1}},"7":{"start":{"line":15,"column":5},"end":{"line":17,"column":17}},"8":{"start":{"line":20,"column":4},"end":{"line":22,"column":6}},"9":{"start":{"line":21,"column":8},"end":{"line":21,"column":45}},"10":{"start":{"line":25,"column":4},"end":{"line":27,"column":6}},"11":{"start":{"line":26,"column":8},"end":{"line":26,"column":40}},"12":{"start":{"line":30,"column":4},"end":{"line":33,"column":6}},"13":{"start":{"line":31,"column":8},"end":{"line":31,"column":94}},"14":{"start":{"line":32,"column":8},"end":{"line":32,"column":56}},"15":{"start":{"line":36,"column":4},"end":{"line":38,"column":6}},"16":{"start":{"line":37,"column":8},"end":{"line":37,"column":68}},"17":{"start":{"line":41,"column":4},"end":{"line":44,"column":6}},"18":{"start":{"line":42,"column":8},"end":{"line":42,"column":98}},"19":{"start":{"line":43,"column":8},"end":{"line":43,"column":60}},"20":{"start":{"line":47,"column":4},"end":{"line":51,"column":6}},"21":{"start":{"line":48,"column":8},"end":{"line":48,"column":98}},"22":{"start":{"line":49,"column":16},"end":{"line":49,"column":60}},"23":{"start":{"line":50,"column":8},"end":{"line":50,"column":42}},"24":{"start":{"line":54,"column":4},"end":{"line":58,"column":6}},"25":{"start":{"line":55,"column":8},"end":{"line":55,"column":102}},"26":{"start":{"line":56,"column":16},"end":{"line":56,"column":64}},"27":{"start":{"line":57,"column":8},"end":{"line":57,"column":42}},"28":{"start":{"line":61,"column":4},"end":{"line":65,"column":6}},"29":{"start":{"line":62,"column":8},"end":{"line":62,"column":105}},"30":{"start":{"line":63,"column":16},"end":{"line":63,"column":67}},"31":{"start":{"line":64,"column":8},"end":{"line":64,"column":25}},"32":{"start":{"line":68,"column":4},"end":{"line":73,"column":6}},"33":{"start":{"line":69,"column":17},"end":{"line":69,"column":48}},"34":{"start":{"line":70,"column":8},"end":{"line":70,"column":97}},"35":{"start":{"line":71,"column":16},"end":{"line":71,"column":59}},"36":{"start":{"line":72,"column":8},"end":{"line":72,"column":25}},"37":{"start":{"line":76,"column":4},"end":{"line":81,"column":6}},"38":{"start":{"line":77,"column":17},"end":{"line":77,"column":49}},"39":{"start":{"line":78,"column":8},"end":{"line":78,"column":97}},"40":{"start":{"line":79,"column":16},"end":{"line":79,"column":59}},"41":{"start":{"line":80,"column":8},"end":{"line":80,"column":25}},"42":{"start":{"line":84,"column":4},"end":{"line":88,"column":6}},"43":{"start":{"line":85,"column":17},"end":{"line":85,"column":43}},"44":{"start":{"line":86,"column":8},"end":{"line":86,"column":97}},"45":{"start":{"line":87,"column":17},"end":{"line":87,"column":70}},"46":{"start":{"line":91,"column":4},"end":{"line":94,"column":6}},"47":{"start":{"line":92,"column":8},"end":{"line":92,"column":94}},"48":{"start":{"line":93,"column":16},"end":{"line":93,"column":64}},"49":{"start":{"line":97,"column":4},"end":{"line":100,"column":6}},"50":{"start":{"line":98,"column":8},"end":{"line":98,"column":103}},"51":{"start":{"line":99,"column":8},"end":{"line":99,"column":65}},"52":{"start":{"line":103,"column":4},"end":{"line":106,"column":6}},"53":{"start":{"line":104,"column":8},"end":{"line":104,"column":101}},"54":{"start":{"line":105,"column":8},"end":{"line":105,"column":63}},"55":{"start":{"line":109,"column":4},"end":{"line":111,"column":6}},"56":{"start":{"line":110,"column":8},"end":{"line":110,"column":38}},"57":{"start":{"line":116,"column":0},"end":{"line":116,"column":31}}},"fnMap":{"0":{"name":"(anonymous_0)","decl":{"start":{"line":13,"column":20},"end":{"line":13,"column":21}},"loc":{"start":{"line":13,"column":31},"end":{"line":113,"column":1}},"line":13},"1":{"name":"(anonymous_1)","decl":{"start":{"line":20,"column":17},"end":{"line":20,"column":18}},"loc":{"start":{"line":20,"column":40},"end":{"line":22,"column":5}},"line":20},"2":{"name":"(anonymous_2)","decl":{"start":{"line":25,"column":16},"end":{"line":25,"column":17}},"loc":{"start":{"line":25,"column":33},"end":{"line":27,"column":5}},"line":25},"3":{"name":"(anonymous_3)","decl":{"start":{"line":30,"column":20},"end":{"line":30,"column":21}},"loc":{"start":{"line":30,"column":39},"end":{"line":33,"column":5}},"line":30},"4":{"name":"(anonymous_4)","decl":{"start":{"line":36,"column":23},"end":{"line":36,"column":24}},"loc":{"start":{"line":36,"column":45},"end":{"line":38,"column":5}},"line":36},"5":{"name":"(anonymous_5)","decl":{"start":{"line":41,"column":22},"end":{"line":41,"column":23}},"loc":{"start":{"line":41,"column":43},"end":{"line":44,"column":5}},"line":41},"6":{"name":"(anonymous_6)","decl":{"start":{"line":47,"column":31},"end":{"line":47,"column":32}},"loc":{"start":{"line":47,"column":61},"end":{"line":51,"column":5}},"line":47},"7":{"name":"(anonymous_7)","decl":{"start":{"line":54,"column":32},"end":{"line":54,"column":33}},"loc":{"start":{"line":54,"column":64},"end":{"line":58,"column":5}},"line":54},"8":{"name":"(anonymous_8)","decl":{"start":{"line":61,"column":30},"end":{"line":61,"column":31}},"loc":{"start":{"line":61,"column":53},"end":{"line":65,"column":5}},"line":61},"9":{"name":"(anonymous_9)","decl":{"start":{"line":68,"column":30},"end":{"line":68,"column":31}},"loc":{"start":{"line":68,"column":56},"end":{"line":73,"column":5}},"line":68},"10":{"name":"(anonymous_10)","decl":{"start":{"line":76,"column":35},"end":{"line":76,"column":36}},"loc":{"start":{"line":76,"column":61},"end":{"line":81,"column":5}},"line":76},"11":{"name":"(anonymous_11)","decl":{"start":{"line":84,"column":27},"end":{"line":84,"column":28}},"loc":{"start":{"line":84,"column":48},"end":{"line":88,"column":5}},"line":84},"12":{"name":"(anonymous_12)","decl":{"start":{"line":91,"column":32},"end":{"line":91,"column":33}},"loc":{"start":{"line":91,"column":51},"end":{"line":94,"column":5}},"line":91},"13":{"name":"(anonymous_13)","decl":{"start":{"line":97,"column":27},"end":{"line":97,"column":28}},"loc":{"start":{"line":97,"column":48},"end":{"line":100,"column":5}},"line":97},"14":{"name":"(anonymous_14)","decl":{"start":{"line":103,"column":23},"end":{"line":103,"column":24}},"loc":{"start":{"line":103,"column":46},"end":{"line":106,"column":5}},"line":103},"15":{"name":"(anonymous_15)","decl":{"start":{"line":109,"column":17},"end":{"line":109,"column":18}},"loc":{"start":{"line":109,"column":42},"end":{"line":111,"column":5}},"line":109}},"branchMap":{},"s":{"0":1,"1":1,"2":1,"3":1,"4":1,"5":1,"6":1,"7":1,"8":1,"9":1,"10":1,"11":0,"12":1,"13":0,"14":0,"15":1,"16":3,"17":1,"18":0,"19":0,"20":1,"21":9,"22":8,"23":8,"24":1,"25":1,"26":0,"27":0,"28":1,"29":0,"30":0,"31":0,"32":1,"33":6,"34":6,"35":4,"36":4,"37":1,"38":1,"39":1,"40":0,"41":0,"42":1,"43":0,"44":0,"45":0,"46":1,"47":1,"48":0,"49":1,"50":0,"51":0,"52":1,"53":0,"54":0,"55":1,"56":8,"57":1},"f":{"0":1,"1":1,"2":0,"3":0,"4":3,"5":0,"6":9,"7":1,"8":0,"9":6,"10":1,"11":0,"12":1,"13":0,"14":0,"15":8},"b":{},"_coverageSchema":"1a1c01bbd47fc00a2c39e90264f33305004495a9","hash":"49b91ca257809629f92119e70151e113e08ff1e2"}
,"C:\\workspace\\360Automation1\\src\\main\\lms\\pages\\locator.js": {"path":"C:\\workspace\\360Automation1\\src\\main\\lms\\pages\\locator.js","statementMap":{"0":{"start":{"line":1,"column":0},"end":{"line":6,"column":2}},"1":{"start":{"line":8,"column":0},"end":{"line":12,"column":2}},"2":{"start":{"line":14,"column":0},"end":{"line":18,"column":2}},"3":{"start":{"line":20,"column":0},"end":{"line":23,"column":2}},"4":{"start":{"line":25,"column":0},"end":{"line":29,"column":2}},"5":{"start":{"line":31,"column":0},"end":{"line":34,"column":2}}},"fnMap":{},"branchMap":{},"s":{"0":1,"1":1,"2":1,"3":1,"4":1,"5":1},"f":{},"b":{},"_coverageSchema":"1a1c01bbd47fc00a2c39e90264f33305004495a9","hash":"554b87900549b8afd703f6aaa4ff02627d93b514"}
,"C:\\workspace\\360Automation1\\src\\main\\lms\\pages\\common\\lmsGuidedTourPage.js": {"path":"C:\\workspace\\360Automation1\\src\\main\\lms\\pages\\common\\lmsGuidedTourPage.js","statementMap":{"0":{"start":{"line":6,"column":11},"end":{"line":6,"column":67}},"1":{"start":{"line":7,"column":16},"end":{"line":7,"column":71}},"2":{"start":{"line":11,"column":19},"end":{"line":11,"column":49}},"3":{"start":{"line":14,"column":8},"end":{"line":14,"column":66}},"4":{"start":{"line":18,"column":7},"end":{"line":18,"column":77}},"5":{"start":{"line":19,"column":7},"end":{"line":19,"column":19}},"6":{"start":{"line":102,"column":0},"end":{"line":102,"column":35}}},"fnMap":{"0":{"name":"(anonymous_0)","decl":{"start":{"line":11,"column":4},"end":{"line":11,"column":5}},"loc":{"start":{"line":11,"column":17},"end":{"line":11,"column":51}},"line":11},"1":{"name":"(anonymous_1)","decl":{"start":{"line":13,"column":5},"end":{"line":13,"column":6}},"loc":{"start":{"line":13,"column":23},"end":{"line":15,"column":6}},"line":13},"2":{"name":"(anonymous_2)","decl":{"start":{"line":17,"column":5},"end":{"line":17,"column":6}},"loc":{"start":{"line":17,"column":28},"end":{"line":20,"column":6}},"line":17}},"branchMap":{},"s":{"0":1,"1":1,"2":1,"3":1,"4":1,"5":1,"6":1},"f":{"0":1,"1":1,"2":1},"b":{},"_coverageSchema":"1a1c01bbd47fc00a2c39e90264f33305004495a9","hash":"11bcc1eaf58b7fe97729df6b7374888407d01dfb"}
,"C:\\workspace\\360Automation1\\src\\main\\lms\\pages\\common\\lmsLoginPage.js": {"path":"C:\\workspace\\360Automation1\\src\\main\\lms\\pages\\common\\lmsLoginPage.js","statementMap":{"0":{"start":{"line":6,"column":11},"end":{"line":6,"column":67}},"1":{"start":{"line":7,"column":16},"end":{"line":7,"column":71}},"2":{"start":{"line":12,"column":19},"end":{"line":12,"column":49}},"3":{"start":{"line":15,"column":8},"end":{"line":15,"column":47}},"4":{"start":{"line":16,"column":8},"end":{"line":16,"column":65}},"5":{"start":{"line":20,"column":8},"end":{"line":20,"column":81}},"6":{"start":{"line":21,"column":8},"end":{"line":21,"column":79}},"7":{"start":{"line":22,"column":8},"end":{"line":22,"column":68}},"8":{"start":{"line":23,"column":8},"end":{"line":23,"column":20}},"9":{"start":{"line":71,"column":0},"end":{"line":71,"column":30}}},"fnMap":{"0":{"name":"(anonymous_0)","decl":{"start":{"line":12,"column":4},"end":{"line":12,"column":5}},"loc":{"start":{"line":12,"column":17},"end":{"line":12,"column":51}},"line":12},"1":{"name":"(anonymous_1)","decl":{"start":{"line":14,"column":4},"end":{"line":14,"column":5}},"loc":{"start":{"line":14,"column":30},"end":{"line":17,"column":5}},"line":14},"2":{"name":"(anonymous_2)","decl":{"start":{"line":19,"column":4},"end":{"line":19,"column":5}},"loc":{"start":{"line":19,"column":48},"end":{"line":24,"column":5}},"line":19}},"branchMap":{},"s":{"0":1,"1":1,"2":1,"3":1,"4":1,"5":1,"6":1,"7":1,"8":1,"9":1},"f":{"0":1,"1":1,"2":1},"b":{},"_coverageSchema":"1a1c01bbd47fc00a2c39e90264f33305004495a9","hash":"e98102e2da8c0e54302055175a21f4207c657566"}
,"C:\\workspace\\360Automation1\\src\\main\\lms\\pages\\manager\\addLearners\\lmsManageUserAddPage.js": {"path":"C:\\workspace\\360Automation1\\src\\main\\lms\\pages\\manager\\addLearners\\lmsManageUserAddPage.js","statementMap":{"0":{"start":{"line":6,"column":11},"end":{"line":6,"column":67}},"1":{"start":{"line":7,"column":16},"end":{"line":7,"column":71}},"2":{"start":{"line":12,"column":19},"end":{"line":12,"column":49}},"3":{"start":{"line":15,"column":8},"end":{"line":15,"column":69}},"4":{"start":{"line":20,"column":8},"end":{"line":20,"column":61}},"5":{"start":{"line":21,"column":8},"end":{"line":21,"column":59}},"6":{"start":{"line":22,"column":20},"end":{"line":22,"column":45}},"7":{"start":{"line":23,"column":8},"end":{"line":23,"column":37}},"8":{"start":{"line":25,"column":8},"end":{"line":25,"column":81}},"9":{"start":{"line":26,"column":8},"end":{"line":26,"column":60}},"10":{"start":{"line":27,"column":8},"end":{"line":27,"column":79}},"11":{"start":{"line":28,"column":8},"end":{"line":28,"column":80}},"12":{"start":{"line":29,"column":8},"end":{"line":29,"column":66}},"13":{"start":{"line":30,"column":8},"end":{"line":30,"column":73}},"14":{"start":{"line":31,"column":8},"end":{"line":31,"column":71}},"15":{"start":{"line":32,"column":8},"end":{"line":32,"column":20}},"16":{"start":{"line":37,"column":0},"end":{"line":37,"column":38}}},"fnMap":{"0":{"name":"(anonymous_0)","decl":{"start":{"line":12,"column":4},"end":{"line":12,"column":5}},"loc":{"start":{"line":12,"column":17},"end":{"line":12,"column":50}},"line":12},"1":{"name":"(anonymous_1)","decl":{"start":{"line":14,"column":4},"end":{"line":14,"column":5}},"loc":{"start":{"line":14,"column":22},"end":{"line":16,"column":5}},"line":14},"2":{"name":"(anonymous_2)","decl":{"start":{"line":18,"column":4},"end":{"line":18,"column":5}},"loc":{"start":{"line":18,"column":27},"end":{"line":33,"column":5}},"line":18}},"branchMap":{},"s":{"0":1,"1":1,"2":2,"3":0,"4":1,"5":1,"6":1,"7":1,"8":1,"9":1,"10":1,"11":1,"12":1,"13":1,"14":1,"15":1,"16":1},"f":{"0":2,"1":0,"2":1},"b":{},"_coverageSchema":"1a1c01bbd47fc00a2c39e90264f33305004495a9","hash":"a23f6ef8e2a5cf49b5e8ade6d22ed1f4ece6031f"}
,"C:\\workspace\\360Automation1\\src\\main\\lms\\pages\\manager\\addLearners\\lmsManageUserConfirmationPage.js": {"path":"C:\\workspace\\360Automation1\\src\\main\\lms\\pages\\manager\\addLearners\\lmsManageUserConfirmationPage.js","statementMap":{"0":{"start":{"line":1,"column":11},"end":{"line":1,"column":67}},"1":{"start":{"line":2,"column":16},"end":{"line":2,"column":71}},"2":{"start":{"line":7,"column":19},"end":{"line":7,"column":49}},"3":{"start":{"line":10,"column":8},"end":{"line":10,"column":78}},"4":{"start":{"line":14,"column":7},"end":{"line":14,"column":87}},"5":{"start":{"line":15,"column":7},"end":{"line":15,"column":19}},"6":{"start":{"line":20,"column":0},"end":{"line":20,"column":46}}},"fnMap":{"0":{"name":"(anonymous_0)","decl":{"start":{"line":7,"column":4},"end":{"line":7,"column":5}},"loc":{"start":{"line":7,"column":17},"end":{"line":7,"column":51}},"line":7},"1":{"name":"(anonymous_1)","decl":{"start":{"line":9,"column":4},"end":{"line":9,"column":5}},"loc":{"start":{"line":9,"column":22},"end":{"line":11,"column":5}},"line":9},"2":{"name":"(anonymous_2)","decl":{"start":{"line":13,"column":5},"end":{"line":13,"column":6}},"loc":{"start":{"line":13,"column":32},"end":{"line":16,"column":6}},"line":13}},"branchMap":{},"s":{"0":1,"1":1,"2":1,"3":0,"4":1,"5":0,"6":1},"f":{"0":1,"1":0,"2":1},"b":{},"_coverageSchema":"1a1c01bbd47fc00a2c39e90264f33305004495a9","hash":"d9a58260cfa22b55b31e171ed155428b700e9f62"}
,"C:\\workspace\\360Automation1\\src\\main\\lms\\pages\\manager\\addLearners\\lmsManageUserGroupPage.js": {"path":"C:\\workspace\\360Automation1\\src\\main\\lms\\pages\\manager\\addLearners\\lmsManageUserGroupPage.js","statementMap":{"0":{"start":{"line":2,"column":11},"end":{"line":2,"column":67}},"1":{"start":{"line":3,"column":16},"end":{"line":3,"column":71}},"2":{"start":{"line":8,"column":19},"end":{"line":8,"column":49}},"3":{"start":{"line":11,"column":8},"end":{"line":11,"column":71}},"4":{"start":{"line":15,"column":7},"end":{"line":15,"column":84}},"5":{"start":{"line":16,"column":7},"end":{"line":16,"column":78}},"6":{"start":{"line":17,"column":7},"end":{"line":17,"column":19}},"7":{"start":{"line":22,"column":0},"end":{"line":22,"column":40}}},"fnMap":{"0":{"name":"(anonymous_0)","decl":{"start":{"line":8,"column":4},"end":{"line":8,"column":5}},"loc":{"start":{"line":8,"column":17},"end":{"line":8,"column":51}},"line":8},"1":{"name":"(anonymous_1)","decl":{"start":{"line":10,"column":4},"end":{"line":10,"column":5}},"loc":{"start":{"line":10,"column":22},"end":{"line":12,"column":5}},"line":10},"2":{"name":"(anonymous_2)","decl":{"start":{"line":14,"column":5},"end":{"line":14,"column":6}},"loc":{"start":{"line":14,"column":32},"end":{"line":18,"column":6}},"line":14}},"branchMap":{},"s":{"0":1,"1":1,"2":1,"3":0,"4":1,"5":0,"6":0,"7":1},"f":{"0":1,"1":0,"2":1},"b":{},"_coverageSchema":"1a1c01bbd47fc00a2c39e90264f33305004495a9","hash":"7a8cde7789cf3bcc160aac3865b68c317ad682de"}
,"C:\\workspace\\360Automation1\\src\\main\\lms\\pages\\manager\\addLearners\\lmsManageUserListPage.js": {"path":"C:\\workspace\\360Automation1\\src\\main\\lms\\pages\\manager\\addLearners\\lmsManageUserListPage.js","statementMap":{"0":{"start":{"line":7,"column":11},"end":{"line":7,"column":67}},"1":{"start":{"line":8,"column":16},"end":{"line":8,"column":71}},"2":{"start":{"line":13,"column":19},"end":{"line":13,"column":49}},"3":{"start":{"line":16,"column":8},"end":{"line":16,"column":70}},"4":{"start":{"line":20,"column":7},"end":{"line":20,"column":81}},"5":{"start":{"line":21,"column":7},"end":{"line":21,"column":19}},"6":{"start":{"line":25,"column":7},"end":{"line":25,"column":79}},"7":{"start":{"line":26,"column":7},"end":{"line":26,"column":19}},"8":{"start":{"line":30,"column":7},"end":{"line":30,"column":81}},"9":{"start":{"line":31,"column":7},"end":{"line":31,"column":79}},"10":{"start":{"line":32,"column":7},"end":{"line":32,"column":84}},"11":{"start":{"line":33,"column":7},"end":{"line":33,"column":19}},"12":{"start":{"line":38,"column":0},"end":{"line":38,"column":39}}},"fnMap":{"0":{"name":"(anonymous_0)","decl":{"start":{"line":13,"column":4},"end":{"line":13,"column":5}},"loc":{"start":{"line":13,"column":17},"end":{"line":13,"column":51}},"line":13},"1":{"name":"(anonymous_1)","decl":{"start":{"line":15,"column":4},"end":{"line":15,"column":5}},"loc":{"start":{"line":15,"column":22},"end":{"line":17,"column":5}},"line":15},"2":{"name":"(anonymous_2)","decl":{"start":{"line":19,"column":5},"end":{"line":19,"column":6}},"loc":{"start":{"line":19,"column":33},"end":{"line":22,"column":6}},"line":19},"3":{"name":"(anonymous_3)","decl":{"start":{"line":24,"column":5},"end":{"line":24,"column":6}},"loc":{"start":{"line":24,"column":36},"end":{"line":27,"column":6}},"line":24},"4":{"name":"(anonymous_4)","decl":{"start":{"line":29,"column":5},"end":{"line":29,"column":6}},"loc":{"start":{"line":29,"column":32},"end":{"line":34,"column":6}},"line":29}},"branchMap":{},"s":{"0":1,"1":1,"2":1,"3":1,"4":1,"5":1,"6":1,"7":0,"8":1,"9":1,"10":1,"11":0,"12":1},"f":{"0":1,"1":1,"2":1,"3":1,"4":1},"b":{},"_coverageSchema":"1a1c01bbd47fc00a2c39e90264f33305004495a9","hash":"b6a976cf8846ea316fd2f1d00bc63372eb91b209"}
,"C:\\workspace\\360Automation1\\src\\main\\lms\\pages\\utils\\environment.js": {"path":"C:\\workspace\\360Automation1\\src\\main\\lms\\pages\\utils\\environment.js","statementMap":{"0":{"start":{"line":7,"column":23},"end":{"line":7,"column":51}},"1":{"start":{"line":8,"column":13},"end":{"line":8,"column":39}},"2":{"start":{"line":9,"column":10},"end":{"line":9,"column":29}},"3":{"start":{"line":10,"column":16},"end":{"line":10,"column":48}},"4":{"start":{"line":12,"column":15},"end":{"line":16,"column":1}},"5":{"start":{"line":13,"column":21},"end":{"line":13,"column":104}},"6":{"start":{"line":14,"column":4},"end":{"line":14,"column":92}},"7":{"start":{"line":15,"column":4},"end":{"line":15,"column":21}},"8":{"start":{"line":18,"column":15},"end":{"line":18,"column":26}},"9":{"start":{"line":19,"column":0},"end":{"line":21,"column":2}},"10":{"start":{"line":20,"column":4},"end":{"line":20,"column":29}},"11":{"start":{"line":23,"column":0},"end":{"line":25,"column":2}},"12":{"start":{"line":24,"column":4},"end":{"line":24,"column":21}}},"fnMap":{"0":{"name":"(anonymous_0)","decl":{"start":{"line":12,"column":15},"end":{"line":12,"column":16}},"loc":{"start":{"line":12,"column":27},"end":{"line":16,"column":1}},"line":12},"1":{"name":"(anonymous_1)","decl":{"start":{"line":19,"column":27},"end":{"line":19,"column":28}},"loc":{"start":{"line":19,"column":47},"end":{"line":21,"column":1}},"line":19},"2":{"name":"(anonymous_2)","decl":{"start":{"line":23,"column":27},"end":{"line":23,"column":28}},"loc":{"start":{"line":23,"column":38},"end":{"line":25,"column":1}},"line":23}},"branchMap":{},"s":{"0":1,"1":1,"2":1,"3":1,"4":1,"5":1,"6":1,"7":1,"8":1,"9":1,"10":2,"11":1,"12":1},"f":{"0":1,"1":2,"2":1},"b":{},"_coverageSchema":"1a1c01bbd47fc00a2c39e90264f33305004495a9","hash":"3c2ac5e948e6e78ea7754d4cb4cf19197334ef23"}
}
