TN:
SF:src\main\lms\pages\BasePage.js
FN:17,(anonymous_0)
FN:26,(anonymous_1)
FNF:2
FNH:1
FNDA:7,(anonymous_0)
FNDA:0,(anonymous_1)
DA:5,1
DA:6,1
DA:7,1
DA:8,1
DA:9,1
DA:12,1
DA:13,1
DA:14,1
DA:18,7
DA:19,1
DA:20,1
DA:21,1
DA:23,7
DA:27,0
DA:28,0
DA:29,0
DA:35,1
DA:36,1
DA:37,1
LF:19
LH:16
BRDA:18,0,0,1
BRDA:18,0,1,6
BRF:2
BRH:2
end_of_record
TN:
SF:src\main\lms\pages\Driverwrapper.js
FN:13,(anonymous_0)
FN:20,(anonymous_1)
FN:25,(anonymous_2)
FN:30,(anonymous_3)
FN:36,(anonymous_4)
FN:41,(anonymous_5)
FN:47,(anonymous_6)
FN:54,(anonymous_7)
FN:61,(anonymous_8)
FN:68,(anonymous_9)
FN:76,(anonymous_10)
FN:84,(anonymous_11)
FN:91,(anonymous_12)
FN:97,(anonymous_13)
FN:103,(anonymous_14)
FN:109,(anonymous_15)
FNF:16
FNH:9
FNDA:1,(anonymous_0)
FNDA:1,(anonymous_1)
FNDA:0,(anonymous_2)
FNDA:0,(anonymous_3)
FNDA:3,(anonymous_4)
FNDA:0,(anonymous_5)
FNDA:9,(anonymous_6)
FNDA:1,(anonymous_7)
FNDA:0,(anonymous_8)
FNDA:6,(anonymous_9)
FNDA:1,(anonymous_10)
FNDA:0,(anonymous_11)
FNDA:1,(anonymous_12)
FNDA:0,(anonymous_13)
FNDA:0,(anonymous_14)
FNDA:8,(anonymous_15)
DA:6,1
DA:7,1
DA:8,1
DA:9,1
DA:10,1
DA:11,1
DA:13,1
DA:15,1
DA:20,1
DA:21,1
DA:25,1
DA:26,0
DA:30,1
DA:31,0
DA:32,0
DA:36,1
DA:37,3
DA:41,1
DA:42,0
DA:43,0
DA:47,1
DA:48,9
DA:49,8
DA:50,8
DA:54,1
DA:55,1
DA:56,0
DA:57,0
DA:61,1
DA:62,0
DA:63,0
DA:64,0
DA:68,1
DA:69,6
DA:70,6
DA:71,4
DA:72,4
DA:76,1
DA:77,1
DA:78,1
DA:79,0
DA:80,0
DA:84,1
DA:85,0
DA:86,0
DA:87,0
DA:91,1
DA:92,1
DA:93,0
DA:97,1
DA:98,0
DA:99,0
DA:103,1
DA:104,0
DA:105,0
DA:109,1
DA:110,8
DA:116,1
LF:58
LH:38
BRF:0
BRH:0
end_of_record
TN:
SF:src\main\lms\pages\locator.js
FNF:0
FNH:0
DA:1,1
DA:8,1
DA:14,1
DA:20,1
DA:25,1
DA:31,1
LF:6
LH:6
BRF:0
BRH:0
end_of_record
TN:
SF:src\main\lms\pages\common\lmsGuidedTourPage.js
FN:11,(anonymous_0)
FN:13,(anonymous_1)
FN:17,(anonymous_2)
FNF:3
FNH:3
FNDA:1,(anonymous_0)
FNDA:1,(anonymous_1)
FNDA:1,(anonymous_2)
DA:6,1
DA:7,1
DA:11,1
DA:14,1
DA:18,1
DA:19,1
DA:102,1
LF:7
LH:7
BRF:0
BRH:0
end_of_record
TN:
SF:src\main\lms\pages\common\lmsLoginPage.js
FN:12,(anonymous_0)
FN:14,(anonymous_1)
FN:19,(anonymous_2)
FNF:3
FNH:3
FNDA:1,(anonymous_0)
FNDA:1,(anonymous_1)
FNDA:1,(anonymous_2)
DA:6,1
DA:7,1
DA:12,1
DA:15,1
DA:16,1
DA:20,1
DA:21,1
DA:22,1
DA:23,1
DA:71,1
LF:10
LH:10
BRF:0
BRH:0
end_of_record
TN:
SF:src\main\lms\pages\manager\addLearners\lmsManageUserAddPage.js
FN:12,(anonymous_0)
FN:14,(anonymous_1)
FN:18,(anonymous_2)
FNF:3
FNH:2
FNDA:2,(anonymous_0)
FNDA:0,(anonymous_1)
FNDA:1,(anonymous_2)
DA:6,1
DA:7,1
DA:12,2
DA:15,0
DA:20,1
DA:21,1
DA:22,1
DA:23,1
DA:25,1
DA:26,1
DA:27,1
DA:28,1
DA:29,1
DA:30,1
DA:31,1
DA:32,1
DA:37,1
LF:17
LH:16
BRF:0
BRH:0
end_of_record
TN:
SF:src\main\lms\pages\manager\addLearners\lmsManageUserConfirmationPage.js
FN:7,(anonymous_0)
FN:9,(anonymous_1)
FN:13,(anonymous_2)
FNF:3
FNH:2
FNDA:1,(anonymous_0)
FNDA:0,(anonymous_1)
FNDA:1,(anonymous_2)
DA:1,1
DA:2,1
DA:7,1
DA:10,0
DA:14,1
DA:15,0
DA:20,1
LF:7
LH:5
BRF:0
BRH:0
end_of_record
TN:
SF:src\main\lms\pages\manager\addLearners\lmsManageUserGroupPage.js
FN:8,(anonymous_0)
FN:10,(anonymous_1)
FN:14,(anonymous_2)
FNF:3
FNH:2
FNDA:1,(anonymous_0)
FNDA:0,(anonymous_1)
FNDA:1,(anonymous_2)
DA:2,1
DA:3,1
DA:8,1
DA:11,0
DA:15,1
DA:16,0
DA:17,0
DA:22,1
LF:8
LH:5
BRF:0
BRH:0
end_of_record
TN:
SF:src\main\lms\pages\manager\addLearners\lmsManageUserListPage.js
FN:13,(anonymous_0)
FN:15,(anonymous_1)
FN:19,(anonymous_2)
FN:24,(anonymous_3)
FN:29,(anonymous_4)
FNF:5
FNH:5
FNDA:1,(anonymous_0)
FNDA:1,(anonymous_1)
FNDA:1,(anonymous_2)
FNDA:1,(anonymous_3)
FNDA:1,(anonymous_4)
DA:7,1
DA:8,1
DA:13,1
DA:16,1
DA:20,1
DA:21,1
DA:25,1
DA:26,0
DA:30,1
DA:31,1
DA:32,1
DA:33,0
DA:38,1
LF:13
LH:11
BRF:0
BRH:0
end_of_record
TN:
SF:src\main\lms\pages\utils\environment.js
FN:12,(anonymous_0)
FN:19,(anonymous_1)
FN:23,(anonymous_2)
FNF:3
FNH:3
FNDA:1,(anonymous_0)
FNDA:2,(anonymous_1)
FNDA:1,(anonymous_2)
DA:7,1
DA:8,1
DA:9,1
DA:10,1
DA:12,1
DA:13,1
DA:14,1
DA:15,1
DA:18,1
DA:19,1
DA:20,2
DA:23,1
DA:24,1
LF:13
LH:13
BRF:0
BRH:0
end_of_record
